<?xml version="1.0" encoding="UTF-8"?>
<testsuite xmlns:xsi="http://www.w3.org/2001/XMLSchema-instance" xsi:noNamespaceSchemaLocation="https://maven.apache.org/surefire/maven-surefire-plugin/xsd/surefire-test-report.xsd" name="com.reptile.carwebreptileyqy.CarwebReptileYqyApplicationTests" time="3.362" tests="1" errors="1" skipped="0" failures="0">
  <properties>
    <property name="sun.desktop" value="windows"/>
    <property name="awt.toolkit" value="sun.awt.windows.WToolkit"/>
    <property name="file.encoding.pkg" value="sun.io"/>
    <property name="java.specification.version" value="1.8"/>
    <property name="sun.cpu.isalist" value="amd64"/>
    <property name="sun.jnu.encoding" value="GBK"/>
    <property name="java.class.path" value="D:\workspace_idea\carweb-reptile-yqy-02\target\test-classes;D:\workspace_idea\carweb-reptile-yqy-02\target\classes;F:\RepMaven\org\springframework\boot\spring-boot-starter-jdbc\2.1.7.RELEASE\spring-boot-starter-jdbc-2.1.7.RELEASE.jar;F:\RepMaven\org\springframework\boot\spring-boot-starter\2.1.7.RELEASE\spring-boot-starter-2.1.7.RELEASE.jar;F:\RepMaven\org\springframework\boot\spring-boot-starter-logging\2.1.7.RELEASE\spring-boot-starter-logging-2.1.7.RELEASE.jar;F:\RepMaven\ch\qos\logback\logback-classic\1.2.3\logback-classic-1.2.3.jar;F:\RepMaven\ch\qos\logback\logback-core\1.2.3\logback-core-1.2.3.jar;F:\RepMaven\org\apache\logging\log4j\log4j-to-slf4j\2.11.2\log4j-to-slf4j-2.11.2.jar;F:\RepMaven\org\apache\logging\log4j\log4j-api\2.11.2\log4j-api-2.11.2.jar;F:\RepMaven\org\slf4j\jul-to-slf4j\1.7.26\jul-to-slf4j-1.7.26.jar;F:\RepMaven\javax\annotation\javax.annotation-api\1.3.2\javax.annotation-api-1.3.2.jar;F:\RepMaven\org\yaml\snakeyaml\1.23\snakeyaml-1.23.jar;F:\RepMaven\com\zaxxer\HikariCP\3.2.0\HikariCP-3.2.0.jar;F:\RepMaven\org\slf4j\slf4j-api\1.7.26\slf4j-api-1.7.26.jar;F:\RepMaven\org\springframework\spring-jdbc\5.1.9.RELEASE\spring-jdbc-5.1.9.RELEASE.jar;F:\RepMaven\org\springframework\spring-beans\5.1.9.RELEASE\spring-beans-5.1.9.RELEASE.jar;F:\RepMaven\org\springframework\spring-tx\5.1.9.RELEASE\spring-tx-5.1.9.RELEASE.jar;F:\RepMaven\org\mybatis\spring\boot\mybatis-spring-boot-starter\2.1.0\mybatis-spring-boot-starter-2.1.0.jar;F:\RepMaven\org\mybatis\spring\boot\mybatis-spring-boot-autoconfigure\2.1.0\mybatis-spring-boot-autoconfigure-2.1.0.jar;F:\RepMaven\org\mybatis\mybatis\3.5.2\mybatis-3.5.2.jar;F:\RepMaven\org\mybatis\mybatis-spring\2.0.2\mybatis-spring-2.0.2.jar;F:\RepMaven\mysql\mysql-connector-java\8.0.17\mysql-connector-java-8.0.17.jar;F:\RepMaven\org\springframework\boot\spring-boot-starter-test\2.1.7.RELEASE\spring-boot-starter-test-2.1.7.RELEASE.jar;F:\RepMaven\org\springframework\boot\spring-boot-test\2.1.7.RELEASE\spring-boot-test-2.1.7.RELEASE.jar;F:\RepMaven\org\springframework\boot\spring-boot-test-autoconfigure\2.1.7.RELEASE\spring-boot-test-autoconfigure-2.1.7.RELEASE.jar;F:\RepMaven\com\jayway\jsonpath\json-path\2.4.0\json-path-2.4.0.jar;F:\RepMaven\net\minidev\json-smart\2.3\json-smart-2.3.jar;F:\RepMaven\net\minidev\accessors-smart\1.2\accessors-smart-1.2.jar;F:\RepMaven\org\ow2\asm\asm\5.0.4\asm-5.0.4.jar;F:\RepMaven\junit\junit\4.12\junit-4.12.jar;F:\RepMaven\org\assertj\assertj-core\3.11.1\assertj-core-3.11.1.jar;F:\RepMaven\org\mockito\mockito-core\2.23.4\mockito-core-2.23.4.jar;F:\RepMaven\net\bytebuddy\byte-buddy\1.9.16\byte-buddy-1.9.16.jar;F:\RepMaven\net\bytebuddy\byte-buddy-agent\1.9.16\byte-buddy-agent-1.9.16.jar;F:\RepMaven\org\objenesis\objenesis\2.6\objenesis-2.6.jar;F:\RepMaven\org\hamcrest\hamcrest-core\1.3\hamcrest-core-1.3.jar;F:\RepMaven\org\hamcrest\hamcrest-library\1.3\hamcrest-library-1.3.jar;F:\RepMaven\org\skyscreamer\jsonassert\1.5.0\jsonassert-1.5.0.jar;F:\RepMaven\com\vaadin\external\google\android-json\0.0.20131108.vaadin1\android-json-0.0.20131108.vaadin1.jar;F:\RepMaven\org\springframework\spring-core\5.1.9.RELEASE\spring-core-5.1.9.RELEASE.jar;F:\RepMaven\org\springframework\spring-jcl\5.1.9.RELEASE\spring-jcl-5.1.9.RELEASE.jar;F:\RepMaven\org\springframework\spring-test\5.1.9.RELEASE\spring-test-5.1.9.RELEASE.jar;F:\RepMaven\org\xmlunit\xmlunit-core\2.6.3\xmlunit-core-2.6.3.jar;F:\RepMaven\org\springframework\boot\spring-boot-starter-web\2.1.7.RELEASE\spring-boot-starter-web-2.1.7.RELEASE.jar;F:\RepMaven\org\springframework\boot\spring-boot-starter-json\2.1.7.RELEASE\spring-boot-starter-json-2.1.7.RELEASE.jar;F:\RepMaven\com\fasterxml\jackson\core\jackson-databind\2.9.9\jackson-databind-2.9.9.jar;F:\RepMaven\com\fasterxml\jackson\core\jackson-annotations\2.9.0\jackson-annotations-2.9.0.jar;F:\RepMaven\com\fasterxml\jackson\core\jackson-core\2.9.9\jackson-core-2.9.9.jar;F:\RepMaven\com\fasterxml\jackson\datatype\jackson-datatype-jdk8\2.9.9\jackson-datatype-jdk8-2.9.9.jar;F:\RepMaven\com\fasterxml\jackson\datatype\jackson-datatype-jsr310\2.9.9\jackson-datatype-jsr310-2.9.9.jar;F:\RepMaven\com\fasterxml\jackson\module\jackson-module-parameter-names\2.9.9\jackson-module-parameter-names-2.9.9.jar;F:\RepMaven\org\springframework\boot\spring-boot-starter-tomcat\2.1.7.RELEASE\spring-boot-starter-tomcat-2.1.7.RELEASE.jar;F:\RepMaven\org\apache\tomcat\embed\tomcat-embed-core\9.0.22\tomcat-embed-core-9.0.22.jar;F:\RepMaven\org\apache\tomcat\embed\tomcat-embed-el\9.0.22\tomcat-embed-el-9.0.22.jar;F:\RepMaven\org\apache\tomcat\embed\tomcat-embed-websocket\9.0.22\tomcat-embed-websocket-9.0.22.jar;F:\RepMaven\org\hibernate\validator\hibernate-validator\6.0.17.Final\hibernate-validator-6.0.17.Final.jar;F:\RepMaven\javax\validation\validation-api\2.0.1.Final\validation-api-2.0.1.Final.jar;F:\RepMaven\org\jboss\logging\jboss-logging\3.3.2.Final\jboss-logging-3.3.2.Final.jar;F:\RepMaven\com\fasterxml\classmate\1.4.0\classmate-1.4.0.jar;F:\RepMaven\org\springframework\spring-web\5.1.9.RELEASE\spring-web-5.1.9.RELEASE.jar;F:\RepMaven\org\springframework\spring-webmvc\5.1.9.RELEASE\spring-webmvc-5.1.9.RELEASE.jar;F:\RepMaven\org\springframework\spring-aop\5.1.9.RELEASE\spring-aop-5.1.9.RELEASE.jar;F:\RepMaven\org\springframework\spring-context\5.1.9.RELEASE\spring-context-5.1.9.RELEASE.jar;F:\RepMaven\org\springframework\spring-expression\5.1.9.RELEASE\spring-expression-5.1.9.RELEASE.jar;F:\RepMaven\org\springframework\boot\spring-boot-starter-thymeleaf\2.1.7.RELEASE\spring-boot-starter-thymeleaf-2.1.7.RELEASE.jar;F:\RepMaven\org\thymeleaf\thymeleaf-spring5\3.0.11.RELEASE\thymeleaf-spring5-3.0.11.RELEASE.jar;F:\RepMaven\org\thymeleaf\thymeleaf\3.0.11.RELEASE\thymeleaf-3.0.11.RELEASE.jar;F:\RepMaven\org\attoparser\attoparser\2.0.5.RELEASE\attoparser-2.0.5.RELEASE.jar;F:\RepMaven\org\unbescape\unbescape\1.1.6.RELEASE\unbescape-1.1.6.RELEASE.jar;F:\RepMaven\org\thymeleaf\extras\thymeleaf-extras-java8time\3.0.4.RELEASE\thymeleaf-extras-java8time-3.0.4.RELEASE.jar;F:\RepMaven\org\springframework\boot\spring-boot-devtools\2.1.7.RELEASE\spring-boot-devtools-2.1.7.RELEASE.jar;F:\RepMaven\org\springframework\boot\spring-boot\2.1.7.RELEASE\spring-boot-2.1.7.RELEASE.jar;F:\RepMaven\org\springframework\boot\spring-boot-autoconfigure\2.1.7.RELEASE\spring-boot-autoconfigure-2.1.7.RELEASE.jar;F:\RepMaven\com\squareup\okhttp3\logging-interceptor\3.3.0\logging-interceptor-3.3.0.jar;F:\RepMaven\com\squareup\okhttp3\okhttp\3.3.0\okhttp-3.3.0.jar;F:\RepMaven\com\squareup\okio\okio\1.8.0\okio-1.8.0.jar;F:\RepMaven\org\apache\httpcomponents\httpclient\4.5.6\httpclient-4.5.6.jar;F:\RepMaven\commons-codec\commons-codec\1.11\commons-codec-1.11.jar;F:\RepMaven\org\apache\httpcomponents\httpcore\4.4.10\httpcore-4.4.10.jar;F:\RepMaven\org\apache\poi\poi\3.14\poi-3.14.jar;F:\RepMaven\org\apache\poi\poi-ooxml\3.14\poi-ooxml-3.14.jar;F:\RepMaven\com\github\virtuald\curvesapi\1.03\curvesapi-1.03.jar;F:\RepMaven\org\apache\poi\poi-ooxml-schemas\3.14\poi-ooxml-schemas-3.14.jar;F:\RepMaven\org\apache\xmlbeans\xmlbeans\2.6.0\xmlbeans-2.6.0.jar;F:\RepMaven\stax\stax-api\1.0.1\stax-api-1.0.1.jar;F:\RepMaven\org\projectlombok\lombok\1.16.20\lombok-1.16.20.jar;F:\RepMaven\com\google\code\gson\gson\2.8.2\gson-2.8.2.jar;F:\RepMaven\com\alibaba\fastjson\1.2.32\fastjson-1.2.32.jar;F:\RepMaven\org\apache\commons\commons-lang3\3.9\commons-lang3-3.9.jar;F:\RepMaven\javax\ws\rs\javax.ws.rs-api\2.1\javax.ws.rs-api-2.1.jar;F:\RepMaven\com\github\pagehelper\pagehelper\5.1.10\pagehelper-5.1.10.jar;F:\RepMaven\com\github\jsqlparser\jsqlparser\2.0\jsqlparser-2.0.jar;F:\RepMaven\org\springframework\boot\spring-boot-starter-data-solr\2.1.7.RELEASE\spring-boot-starter-data-solr-2.1.7.RELEASE.jar;F:\RepMaven\org\apache\solr\solr-solrj\7.7.2\solr-solrj-7.7.2.jar;F:\RepMaven\commons-io\commons-io\2.5\commons-io-2.5.jar;F:\RepMaven\org\apache\commons\commons-math3\3.6.1\commons-math3-3.6.1.jar;F:\RepMaven\org\apache\zookeeper\zookeeper\3.4.14\zookeeper-3.4.14.jar;F:\RepMaven\org\codehaus\woodstox\stax2-api\3.1.4\stax2-api-3.1.4.jar;F:\RepMaven\org\codehaus\woodstox\woodstox-core-asl\4.4.1\woodstox-core-asl-4.4.1.jar;F:\RepMaven\org\noggit\noggit\0.8\noggit-0.8.jar;F:\RepMaven\org\springframework\data\spring-data-solr\4.0.10.RELEASE\spring-data-solr-4.0.10.RELEASE.jar;F:\RepMaven\org\springframework\data\spring-data-commons\2.1.10.RELEASE\spring-data-commons-2.1.10.RELEASE.jar;F:\RepMaven\org\apache\httpcomponents\httpmime\4.5.9\httpmime-4.5.9.jar;"/>
    <property name="java.vm.vendor" value="Oracle Corporation"/>
    <property name="sun.arch.data.model" value="64"/>
    <property name="user.variant" value=""/>
    <property name="java.vendor.url" value="http://java.oracle.com/"/>
    <property name="user.timezone" value="Asia/Shanghai"/>
    <property name="java.vm.specification.version" value="1.8"/>
    <property name="os.name" value="Windows 10"/>
    <property name="user.country" value="CN"/>
    <property name="sun.java.launcher" value="SUN_STANDARD"/>
    <property name="sun.boot.library.path" value="C:\Java\jdk1.8\jre\bin"/>
    <property name="sun.java.command" value="C:\Users\ADMINI~1\AppData\Local\Temp\surefire5127326260528319628\surefirebooter8187212833000499107.jar C:\Users\Administrator\AppData\Local\Temp\surefire5127326260528319628 2020-03-27T22-29-21_010-jvmRun1 surefire8987710431698880689tmp surefire_04602761256831484810tmp"/>
    <property name="surefire.test.class.path" value="D:\workspace_idea\carweb-reptile-yqy-02\target\test-classes;D:\workspace_idea\carweb-reptile-yqy-02\target\classes;F:\RepMaven\org\springframework\boot\spring-boot-starter-jdbc\2.1.7.RELEASE\spring-boot-starter-jdbc-2.1.7.RELEASE.jar;F:\RepMaven\org\springframework\boot\spring-boot-starter\2.1.7.RELEASE\spring-boot-starter-2.1.7.RELEASE.jar;F:\RepMaven\org\springframework\boot\spring-boot-starter-logging\2.1.7.RELEASE\spring-boot-starter-logging-2.1.7.RELEASE.jar;F:\RepMaven\ch\qos\logback\logback-classic\1.2.3\logback-classic-1.2.3.jar;F:\RepMaven\ch\qos\logback\logback-core\1.2.3\logback-core-1.2.3.jar;F:\RepMaven\org\apache\logging\log4j\log4j-to-slf4j\2.11.2\log4j-to-slf4j-2.11.2.jar;F:\RepMaven\org\apache\logging\log4j\log4j-api\2.11.2\log4j-api-2.11.2.jar;F:\RepMaven\org\slf4j\jul-to-slf4j\1.7.26\jul-to-slf4j-1.7.26.jar;F:\RepMaven\javax\annotation\javax.annotation-api\1.3.2\javax.annotation-api-1.3.2.jar;F:\RepMaven\org\yaml\snakeyaml\1.23\snakeyaml-1.23.jar;F:\RepMaven\com\zaxxer\HikariCP\3.2.0\HikariCP-3.2.0.jar;F:\RepMaven\org\slf4j\slf4j-api\1.7.26\slf4j-api-1.7.26.jar;F:\RepMaven\org\springframework\spring-jdbc\5.1.9.RELEASE\spring-jdbc-5.1.9.RELEASE.jar;F:\RepMaven\org\springframework\spring-beans\5.1.9.RELEASE\spring-beans-5.1.9.RELEASE.jar;F:\RepMaven\org\springframework\spring-tx\5.1.9.RELEASE\spring-tx-5.1.9.RELEASE.jar;F:\RepMaven\org\mybatis\spring\boot\mybatis-spring-boot-starter\2.1.0\mybatis-spring-boot-starter-2.1.0.jar;F:\RepMaven\org\mybatis\spring\boot\mybatis-spring-boot-autoconfigure\2.1.0\mybatis-spring-boot-autoconfigure-2.1.0.jar;F:\RepMaven\org\mybatis\mybatis\3.5.2\mybatis-3.5.2.jar;F:\RepMaven\org\mybatis\mybatis-spring\2.0.2\mybatis-spring-2.0.2.jar;F:\RepMaven\mysql\mysql-connector-java\8.0.17\mysql-connector-java-8.0.17.jar;F:\RepMaven\org\springframework\boot\spring-boot-starter-test\2.1.7.RELEASE\spring-boot-starter-test-2.1.7.RELEASE.jar;F:\RepMaven\org\springframework\boot\spring-boot-test\2.1.7.RELEASE\spring-boot-test-2.1.7.RELEASE.jar;F:\RepMaven\org\springframework\boot\spring-boot-test-autoconfigure\2.1.7.RELEASE\spring-boot-test-autoconfigure-2.1.7.RELEASE.jar;F:\RepMaven\com\jayway\jsonpath\json-path\2.4.0\json-path-2.4.0.jar;F:\RepMaven\net\minidev\json-smart\2.3\json-smart-2.3.jar;F:\RepMaven\net\minidev\accessors-smart\1.2\accessors-smart-1.2.jar;F:\RepMaven\org\ow2\asm\asm\5.0.4\asm-5.0.4.jar;F:\RepMaven\junit\junit\4.12\junit-4.12.jar;F:\RepMaven\org\assertj\assertj-core\3.11.1\assertj-core-3.11.1.jar;F:\RepMaven\org\mockito\mockito-core\2.23.4\mockito-core-2.23.4.jar;F:\RepMaven\net\bytebuddy\byte-buddy\1.9.16\byte-buddy-1.9.16.jar;F:\RepMaven\net\bytebuddy\byte-buddy-agent\1.9.16\byte-buddy-agent-1.9.16.jar;F:\RepMaven\org\objenesis\objenesis\2.6\objenesis-2.6.jar;F:\RepMaven\org\hamcrest\hamcrest-core\1.3\hamcrest-core-1.3.jar;F:\RepMaven\org\hamcrest\hamcrest-library\1.3\hamcrest-library-1.3.jar;F:\RepMaven\org\skyscreamer\jsonassert\1.5.0\jsonassert-1.5.0.jar;F:\RepMaven\com\vaadin\external\google\android-json\0.0.20131108.vaadin1\android-json-0.0.20131108.vaadin1.jar;F:\RepMaven\org\springframework\spring-core\5.1.9.RELEASE\spring-core-5.1.9.RELEASE.jar;F:\RepMaven\org\springframework\spring-jcl\5.1.9.RELEASE\spring-jcl-5.1.9.RELEASE.jar;F:\RepMaven\org\springframework\spring-test\5.1.9.RELEASE\spring-test-5.1.9.RELEASE.jar;F:\RepMaven\org\xmlunit\xmlunit-core\2.6.3\xmlunit-core-2.6.3.jar;F:\RepMaven\org\springframework\boot\spring-boot-starter-web\2.1.7.RELEASE\spring-boot-starter-web-2.1.7.RELEASE.jar;F:\RepMaven\org\springframework\boot\spring-boot-starter-json\2.1.7.RELEASE\spring-boot-starter-json-2.1.7.RELEASE.jar;F:\RepMaven\com\fasterxml\jackson\core\jackson-databind\2.9.9\jackson-databind-2.9.9.jar;F:\RepMaven\com\fasterxml\jackson\core\jackson-annotations\2.9.0\jackson-annotations-2.9.0.jar;F:\RepMaven\com\fasterxml\jackson\core\jackson-core\2.9.9\jackson-core-2.9.9.jar;F:\RepMaven\com\fasterxml\jackson\datatype\jackson-datatype-jdk8\2.9.9\jackson-datatype-jdk8-2.9.9.jar;F:\RepMaven\com\fasterxml\jackson\datatype\jackson-datatype-jsr310\2.9.9\jackson-datatype-jsr310-2.9.9.jar;F:\RepMaven\com\fasterxml\jackson\module\jackson-module-parameter-names\2.9.9\jackson-module-parameter-names-2.9.9.jar;F:\RepMaven\org\springframework\boot\spring-boot-starter-tomcat\2.1.7.RELEASE\spring-boot-starter-tomcat-2.1.7.RELEASE.jar;F:\RepMaven\org\apache\tomcat\embed\tomcat-embed-core\9.0.22\tomcat-embed-core-9.0.22.jar;F:\RepMaven\org\apache\tomcat\embed\tomcat-embed-el\9.0.22\tomcat-embed-el-9.0.22.jar;F:\RepMaven\org\apache\tomcat\embed\tomcat-embed-websocket\9.0.22\tomcat-embed-websocket-9.0.22.jar;F:\RepMaven\org\hibernate\validator\hibernate-validator\6.0.17.Final\hibernate-validator-6.0.17.Final.jar;F:\RepMaven\javax\validation\validation-api\2.0.1.Final\validation-api-2.0.1.Final.jar;F:\RepMaven\org\jboss\logging\jboss-logging\3.3.2.Final\jboss-logging-3.3.2.Final.jar;F:\RepMaven\com\fasterxml\classmate\1.4.0\classmate-1.4.0.jar;F:\RepMaven\org\springframework\spring-web\5.1.9.RELEASE\spring-web-5.1.9.RELEASE.jar;F:\RepMaven\org\springframework\spring-webmvc\5.1.9.RELEASE\spring-webmvc-5.1.9.RELEASE.jar;F:\RepMaven\org\springframework\spring-aop\5.1.9.RELEASE\spring-aop-5.1.9.RELEASE.jar;F:\RepMaven\org\springframework\spring-context\5.1.9.RELEASE\spring-context-5.1.9.RELEASE.jar;F:\RepMaven\org\springframework\spring-expression\5.1.9.RELEASE\spring-expression-5.1.9.RELEASE.jar;F:\RepMaven\org\springframework\boot\spring-boot-starter-thymeleaf\2.1.7.RELEASE\spring-boot-starter-thymeleaf-2.1.7.RELEASE.jar;F:\RepMaven\org\thymeleaf\thymeleaf-spring5\3.0.11.RELEASE\thymeleaf-spring5-3.0.11.RELEASE.jar;F:\RepMaven\org\thymeleaf\thymeleaf\3.0.11.RELEASE\thymeleaf-3.0.11.RELEASE.jar;F:\RepMaven\org\attoparser\attoparser\2.0.5.RELEASE\attoparser-2.0.5.RELEASE.jar;F:\RepMaven\org\unbescape\unbescape\1.1.6.RELEASE\unbescape-1.1.6.RELEASE.jar;F:\RepMaven\org\thymeleaf\extras\thymeleaf-extras-java8time\3.0.4.RELEASE\thymeleaf-extras-java8time-3.0.4.RELEASE.jar;F:\RepMaven\org\springframework\boot\spring-boot-devtools\2.1.7.RELEASE\spring-boot-devtools-2.1.7.RELEASE.jar;F:\RepMaven\org\springframework\boot\spring-boot\2.1.7.RELEASE\spring-boot-2.1.7.RELEASE.jar;F:\RepMaven\org\springframework\boot\spring-boot-autoconfigure\2.1.7.RELEASE\spring-boot-autoconfigure-2.1.7.RELEASE.jar;F:\RepMaven\com\squareup\okhttp3\logging-interceptor\3.3.0\logging-interceptor-3.3.0.jar;F:\RepMaven\com\squareup\okhttp3\okhttp\3.3.0\okhttp-3.3.0.jar;F:\RepMaven\com\squareup\okio\okio\1.8.0\okio-1.8.0.jar;F:\RepMaven\org\apache\httpcomponents\httpclient\4.5.6\httpclient-4.5.6.jar;F:\RepMaven\commons-codec\commons-codec\1.11\commons-codec-1.11.jar;F:\RepMaven\org\apache\httpcomponents\httpcore\4.4.10\httpcore-4.4.10.jar;F:\RepMaven\org\apache\poi\poi\3.14\poi-3.14.jar;F:\RepMaven\org\apache\poi\poi-ooxml\3.14\poi-ooxml-3.14.jar;F:\RepMaven\com\github\virtuald\curvesapi\1.03\curvesapi-1.03.jar;F:\RepMaven\org\apache\poi\poi-ooxml-schemas\3.14\poi-ooxml-schemas-3.14.jar;F:\RepMaven\org\apache\xmlbeans\xmlbeans\2.6.0\xmlbeans-2.6.0.jar;F:\RepMaven\stax\stax-api\1.0.1\stax-api-1.0.1.jar;F:\RepMaven\org\projectlombok\lombok\1.16.20\lombok-1.16.20.jar;F:\RepMaven\com\google\code\gson\gson\2.8.2\gson-2.8.2.jar;F:\RepMaven\com\alibaba\fastjson\1.2.32\fastjson-1.2.32.jar;F:\RepMaven\org\apache\commons\commons-lang3\3.9\commons-lang3-3.9.jar;F:\RepMaven\javax\ws\rs\javax.ws.rs-api\2.1\javax.ws.rs-api-2.1.jar;F:\RepMaven\com\github\pagehelper\pagehelper\5.1.10\pagehelper-5.1.10.jar;F:\RepMaven\com\github\jsqlparser\jsqlparser\2.0\jsqlparser-2.0.jar;F:\RepMaven\org\springframework\boot\spring-boot-starter-data-solr\2.1.7.RELEASE\spring-boot-starter-data-solr-2.1.7.RELEASE.jar;F:\RepMaven\org\apache\solr\solr-solrj\7.7.2\solr-solrj-7.7.2.jar;F:\RepMaven\commons-io\commons-io\2.5\commons-io-2.5.jar;F:\RepMaven\org\apache\commons\commons-math3\3.6.1\commons-math3-3.6.1.jar;F:\RepMaven\org\apache\zookeeper\zookeeper\3.4.14\zookeeper-3.4.14.jar;F:\RepMaven\org\codehaus\woodstox\stax2-api\3.1.4\stax2-api-3.1.4.jar;F:\RepMaven\org\codehaus\woodstox\woodstox-core-asl\4.4.1\woodstox-core-asl-4.4.1.jar;F:\RepMaven\org\noggit\noggit\0.8\noggit-0.8.jar;F:\RepMaven\org\springframework\data\spring-data-solr\4.0.10.RELEASE\spring-data-solr-4.0.10.RELEASE.jar;F:\RepMaven\org\springframework\data\spring-data-commons\2.1.10.RELEASE\spring-data-commons-2.1.10.RELEASE.jar;F:\RepMaven\org\apache\httpcomponents\httpmime\4.5.9\httpmime-4.5.9.jar;"/>
    <property name="sun.cpu.endian" value="little"/>
    <property name="user.home" value="C:\Users\Administrator"/>
    <property name="user.language" value="zh"/>
    <property name="java.specification.vendor" value="Oracle Corporation"/>
    <property name="java.home" value="C:\Java\jdk1.8\jre"/>
    <property name="basedir" value="D:\workspace_idea\carweb-reptile-yqy-02"/>
    <property name="file.separator" value="\"/>
    <property name="line.separator" value="&#10;"/>
    <property name="java.vm.specification.vendor" value="Oracle Corporation"/>
    <property name="java.specification.name" value="Java Platform API Specification"/>
    <property name="java.awt.graphicsenv" value="sun.awt.Win32GraphicsEnvironment"/>
    <property name="surefire.real.class.path" value="C:\Users\ADMINI~1\AppData\Local\Temp\surefire5127326260528319628\surefirebooter8187212833000499107.jar"/>
    <property name="sun.boot.class.path" value="C:\Java\jdk1.8\jre\lib\resources.jar;C:\Java\jdk1.8\jre\lib\rt.jar;C:\Java\jdk1.8\jre\lib\sunrsasign.jar;C:\Java\jdk1.8\jre\lib\jsse.jar;C:\Java\jdk1.8\jre\lib\jce.jar;C:\Java\jdk1.8\jre\lib\charsets.jar;C:\Java\jdk1.8\jre\lib\jfr.jar;C:\Java\jdk1.8\jre\classes"/>
    <property name="user.script" value=""/>
    <property name="sun.management.compiler" value="HotSpot 64-Bit Tiered Compilers"/>
    <property name="java.runtime.version" value="1.8.0_211-b12"/>
    <property name="user.name" value="Administrator"/>
    <property name="path.separator" value=";"/>
    <property name="os.version" value="10.0"/>
    <property name="java.endorsed.dirs" value="C:\Java\jdk1.8\jre\lib\endorsed"/>
    <property name="java.runtime.name" value="Java(TM) SE Runtime Environment"/>
    <property name="file.encoding" value="GBK"/>
    <property name="java.vm.name" value="Java HotSpot(TM) 64-Bit Server VM"/>
    <property name="localRepository" value="F:\RepMaven"/>
    <property name="java.vendor.url.bug" value="http://bugreport.sun.com/bugreport/"/>
    <property name="java.io.tmpdir" value="C:\Users\ADMINI~1\AppData\Local\Temp\"/>
    <property name="java.version" value="1.8.0_211"/>
    <property name="user.dir" value="D:\workspace_idea\carweb-reptile-yqy-02"/>
    <property name="os.arch" value="amd64"/>
    <property name="java.vm.specification.name" value="Java Virtual Machine Specification"/>
    <property name="java.awt.printerjob" value="sun.awt.windows.WPrinterJob"/>
    <property name="sun.os.patch.level" value=""/>
    <property name="java.library.path" value="C:\Java\jdk1.8\jre\bin;C:\Windows\Sun\Java\bin;C:\Windows\system32;C:\Windows;C:\Program Files (x86)\Common Files\Oracle\Java\javapath;C:\Windows\system32;C:\Windows;C:\Windows\System32\Wbem;C:\Windows\System32\WindowsPowerShell\v1.0\;C:\Windows\System32\OpenSSH\;C:\Program Files (x86)\Microsoft SQL Server\150\DTS\Binn\;D:\developer_tools\Git\Git\cmd;C:\Program Files (x86)\NVIDIA Corporation\PhysX\Common;C:\Program Files\NVIDIA Corporation\NVIDIA NvDLISR;C:\Program Files\MySQL\MySQL Shell 8.0\bin\;C:\Users\Administrator\AppData\Local\Microsoft\WindowsApps;;."/>
    <property name="idea.version2019.3.2" value="true"/>
    <property name="java.vm.info" value="mixed mode"/>
    <property name="java.vendor" value="Oracle Corporation"/>
    <property name="java.vm.version" value="25.211-b12"/>
    <property name="java.ext.dirs" value="C:\Java\jdk1.8\jre\lib\ext;C:\Windows\Sun\Java\lib\ext"/>
    <property name="sun.io.unicode.encoding" value="UnicodeLittle"/>
    <property name="maven.repo.local" value="F:\RepMaven"/>
    <property name="java.class.version" value="52.0"/>
  </properties>
  <testcase name="contextLoads" classname="com.reptile.carwebreptileyqy.CarwebReptileYqyApplicationTests" time="0">
    <error message="Failed to load ApplicationContext" type="java.lang.IllegalStateException">java.lang.IllegalStateException: Failed to load ApplicationContext
Caused by: org.springframework.beans.factory.UnsatisfiedDependencyException: Error creating bean with name 'carPartsController': Unsatisfied dependency expressed through field 'solrTemplate'; nested exception is org.springframework.beans.factory.NoSuchBeanDefinitionException: No qualifying bean of type 'org.springframework.data.solr.core.SolrTemplate' available: expected at least 1 bean which qualifies as autowire candidate. Dependency annotations: {@org.springframework.beans.factory.annotation.Autowired(required=true)}
Caused by: org.springframework.beans.factory.NoSuchBeanDefinitionException: No qualifying bean of type 'org.springframework.data.solr.core.SolrTemplate' available: expected at least 1 bean which qualifies as autowire candidate. Dependency annotations: {@org.springframework.beans.factory.annotation.Autowired(required=true)}
</error>
    <system-out><![CDATA[22:29:22.673 [main] DEBUG org.springframework.test.context.junit4.SpringJUnit4ClassRunner - SpringJUnit4ClassRunner constructor called with [class com.reptile.carwebreptileyqy.CarwebReptileYqyApplicationTests]
22:29:22.688 [main] DEBUG org.springframework.test.context.BootstrapUtils - Instantiating CacheAwareContextLoaderDelegate from class [org.springframework.test.context.cache.DefaultCacheAwareContextLoaderDelegate]
22:29:22.704 [main] DEBUG org.springframework.test.context.BootstrapUtils - Instantiating BootstrapContext using constructor [public org.springframework.test.context.support.DefaultBootstrapContext(java.lang.Class,org.springframework.test.context.CacheAwareContextLoaderDelegate)]
22:29:22.720 [main] DEBUG org.springframework.test.context.BootstrapUtils - Instantiating TestContextBootstrapper for test class [com.reptile.carwebreptileyqy.CarwebReptileYqyApplicationTests] from class [org.springframework.boot.test.context.SpringBootTestContextBootstrapper]
22:29:22.782 [main] INFO org.springframework.boot.test.context.SpringBootTestContextBootstrapper - Neither @ContextConfiguration nor @ContextHierarchy found for test class [com.reptile.carwebreptileyqy.CarwebReptileYqyApplicationTests], using SpringBootContextLoader
22:29:22.782 [main] DEBUG org.springframework.test.context.support.AbstractContextLoader - Did not detect default resource location for test class [com.reptile.carwebreptileyqy.CarwebReptileYqyApplicationTests]: class path resource [com/reptile/carwebreptileyqy/CarwebReptileYqyApplicationTests-context.xml] does not exist
22:29:22.782 [main] DEBUG org.springframework.test.context.support.AbstractContextLoader - Did not detect default resource location for test class [com.reptile.carwebreptileyqy.CarwebReptileYqyApplicationTests]: class path resource [com/reptile/carwebreptileyqy/CarwebReptileYqyApplicationTestsContext.groovy] does not exist
22:29:22.782 [main] INFO org.springframework.test.context.support.AbstractContextLoader - Could not detect default resource locations for test class [com.reptile.carwebreptileyqy.CarwebReptileYqyApplicationTests]: no resource found for suffixes {-context.xml, Context.groovy}.
22:29:22.782 [main] INFO org.springframework.test.context.support.AnnotationConfigContextLoaderUtils - Could not detect default configuration classes for test class [com.reptile.carwebreptileyqy.CarwebReptileYqyApplicationTests]: CarwebReptileYqyApplicationTests does not declare any static, non-private, non-final, nested classes annotated with @Configuration.
22:29:22.845 [main] DEBUG org.springframework.test.context.support.ActiveProfilesUtils - Could not find an 'annotation declaring class' for annotation type [org.springframework.test.context.ActiveProfiles] and class [com.reptile.carwebreptileyqy.CarwebReptileYqyApplicationTests]
22:29:22.923 [main] DEBUG org.springframework.context.annotation.ClassPathScanningCandidateComponentProvider - Identified candidate component class: file [D:\workspace_idea\carweb-reptile-yqy-02\target\classes\com\reptile\carwebreptileyqy\CarwebReptileYqyApplication.class]
22:29:22.923 [main] INFO org.springframework.boot.test.context.SpringBootTestContextBootstrapper - Found @SpringBootConfiguration com.reptile.carwebreptileyqy.CarwebReptileYqyApplication for test class com.reptile.carwebreptileyqy.CarwebReptileYqyApplicationTests
22:29:23.016 [main] DEBUG org.springframework.boot.test.context.SpringBootTestContextBootstrapper - @TestExecutionListeners is not present for class [com.reptile.carwebreptileyqy.CarwebReptileYqyApplicationTests]: using defaults.
22:29:23.016 [main] INFO org.springframework.boot.test.context.SpringBootTestContextBootstrapper - Loaded default TestExecutionListener class names from location [META-INF/spring.factories]: [org.springframework.boot.test.mock.mockito.MockitoTestExecutionListener, org.springframework.boot.test.mock.mockito.ResetMocksTestExecutionListener, org.springframework.boot.test.autoconfigure.restdocs.RestDocsTestExecutionListener, org.springframework.boot.test.autoconfigure.web.client.MockRestServiceServerResetTestExecutionListener, org.springframework.boot.test.autoconfigure.web.servlet.MockMvcPrintOnlyOnFailureTestExecutionListener, org.springframework.boot.test.autoconfigure.web.servlet.WebDriverTestExecutionListener, org.springframework.test.context.web.ServletTestExecutionListener, org.springframework.test.context.support.DirtiesContextBeforeModesTestExecutionListener, org.springframework.test.context.support.DependencyInjectionTestExecutionListener, org.springframework.test.context.support.DirtiesContextTestExecutionListener, org.springframework.test.context.transaction.TransactionalTestExecutionListener, org.springframework.test.context.jdbc.SqlScriptsTestExecutionListener]
22:29:23.032 [main] INFO org.springframework.boot.test.context.SpringBootTestContextBootstrapper - Using TestExecutionListeners: [org.springframework.test.context.web.ServletTestExecutionListener@313ac989, org.springframework.test.context.support.DirtiesContextBeforeModesTestExecutionListener@4562e04d, org.springframework.boot.test.mock.mockito.MockitoTestExecutionListener@2a65fe7c, org.springframework.boot.test.autoconfigure.SpringBootDependencyInjectionTestExecutionListener@4135c3b, org.springframework.test.context.support.DirtiesContextTestExecutionListener@6302bbb1, org.springframework.test.context.transaction.TransactionalTestExecutionListener@31304f14, org.springframework.test.context.jdbc.SqlScriptsTestExecutionListener@34a3d150, org.springframework.boot.test.mock.mockito.ResetMocksTestExecutionListener@2a4fb17b, org.springframework.boot.test.autoconfigure.restdocs.RestDocsTestExecutionListener@5c6648b0, org.springframework.boot.test.autoconfigure.web.client.MockRestServiceServerResetTestExecutionListener@6f1de4c7, org.springframework.boot.test.autoconfigure.web.servlet.MockMvcPrintOnlyOnFailureTestExecutionListener@459e9125, org.springframework.boot.test.autoconfigure.web.servlet.WebDriverTestExecutionListener@128d2484]
22:29:23.129 [main] DEBUG org.springframework.test.annotation.ProfileValueUtils - Retrieved @ProfileValueSourceConfiguration [null] for test class [com.reptile.carwebreptileyqy.CarwebReptileYqyApplicationTests]
22:29:23.130 [main] DEBUG org.springframework.test.annotation.ProfileValueUtils - Retrieved ProfileValueSource type [class org.springframework.test.annotation.SystemProfileValueSource] for class [com.reptile.carwebreptileyqy.CarwebReptileYqyApplicationTests]
22:29:23.133 [main] DEBUG org.springframework.test.annotation.ProfileValueUtils - Retrieved @ProfileValueSourceConfiguration [null] for test class [com.reptile.carwebreptileyqy.CarwebReptileYqyApplicationTests]
22:29:23.134 [main] DEBUG org.springframework.test.annotation.ProfileValueUtils - Retrieved ProfileValueSource type [class org.springframework.test.annotation.SystemProfileValueSource] for class [com.reptile.carwebreptileyqy.CarwebReptileYqyApplicationTests]
22:29:23.135 [main] DEBUG org.springframework.test.annotation.ProfileValueUtils - Retrieved @ProfileValueSourceConfiguration [null] for test class [com.reptile.carwebreptileyqy.CarwebReptileYqyApplicationTests]
22:29:23.136 [main] DEBUG org.springframework.test.annotation.ProfileValueUtils - Retrieved ProfileValueSource type [class org.springframework.test.annotation.SystemProfileValueSource] for class [com.reptile.carwebreptileyqy.CarwebReptileYqyApplicationTests]
22:29:23.146 [main] DEBUG org.springframework.test.context.support.AbstractDirtiesContextTestExecutionListener - Before test class: context [DefaultTestContext@443118b0 testClass = CarwebReptileYqyApplicationTests, testInstance = [null], testMethod = [null], testException = [null], mergedContextConfiguration = [WebMergedContextConfiguration@765d7657 testClass = CarwebReptileYqyApplicationTests, locations = '{}', classes = '{class com.reptile.carwebreptileyqy.CarwebReptileYqyApplication}', contextInitializerClasses = '[]', activeProfiles = '{}', propertySourceLocations = '{}', propertySourceProperties = '{org.springframework.boot.test.context.SpringBootTestContextBootstrapper=true}', contextCustomizers = set[org.springframework.boot.test.context.filter.ExcludeFilterContextCustomizer@7403c468, org.springframework.boot.test.json.DuplicateJsonObjectContextCustomizerFactory$DuplicateJsonObjectContextCustomizer@1fc2b765, org.springframework.boot.test.mock.mockito.MockitoContextCustomizer@0, org.springframework.boot.test.web.client.TestRestTemplateContextCustomizer@3578436e, org.springframework.boot.test.autoconfigure.properties.PropertyMappingContextCustomizer@0, org.springframework.boot.test.autoconfigure.web.servlet.WebDriverContextCustomizerFactory$Customizer@fcd6521], resourceBasePath = 'src/main/webapp', contextLoader = 'org.springframework.boot.test.context.SpringBootContextLoader', parent = [null]], attributes = map['org.springframework.test.context.web.ServletTestExecutionListener.activateListener' -> true]], class annotated with @DirtiesContext [false] with mode [null].
22:29:23.148 [main] DEBUG org.springframework.test.annotation.ProfileValueUtils - Retrieved @ProfileValueSourceConfiguration [null] for test class [com.reptile.carwebreptileyqy.CarwebReptileYqyApplicationTests]
22:29:23.148 [main] DEBUG org.springframework.test.annotation.ProfileValueUtils - Retrieved ProfileValueSource type [class org.springframework.test.annotation.SystemProfileValueSource] for class [com.reptile.carwebreptileyqy.CarwebReptileYqyApplicationTests]
22:29:23.183 [main] DEBUG org.springframework.test.context.support.TestPropertySourceUtils - Adding inlined properties to environment: {spring.jmx.enabled=false, org.springframework.boot.test.context.SpringBootTestContextBootstrapper=true, server.port=-1}

  .   ____          _            __ _ _
 /\\ / ___'_ __ _ _(_)_ __  __ _ \ \ \ \
( ( )\___ | '_ | '_| | '_ \/ _` | \ \ \ \
 \\/  ___)| |_)| | | | | || (_| |  ) ) ) )
  '  |____| .__|_| |_|_| |_\__, | / / / /
 =========|_|==============|___/=/_/_/_/
 :: Spring Boot ::        (v2.1.7.RELEASE)

2020-03-27 22:29:23.520  INFO 11508 --- [           main] c.r.c.CarwebReptileYqyApplicationTests   : Starting CarwebReptileYqyApplicationTests on SC-201907201119 with PID 11508 (started by Administrator in D:\workspace_idea\carweb-reptile-yqy-02)
2020-03-27 22:29:23.520  INFO 11508 --- [           main] c.r.c.CarwebReptileYqyApplicationTests   : No active profile set, falling back to default profiles: default
2020-03-27 22:29:24.221  INFO 11508 --- [           main] .s.d.r.c.RepositoryConfigurationDelegate : Bootstrapping Spring Data repositories in DEFAULT mode.
2020-03-27 22:29:24.254  INFO 11508 --- [           main] .s.d.r.c.RepositoryConfigurationDelegate : Finished Spring Data repository scanning in 15ms. Found 0 repository interfaces.
2020-03-27 22:29:24.663  INFO 11508 --- [           main] trationDelegate$BeanPostProcessorChecker : Bean 'org.springframework.transaction.annotation.ProxyTransactionManagementConfiguration' of type [org.springframework.transaction.annotation.ProxyTransactionManagementConfiguration$$EnhancerBySpringCGLIB$$a40a1be6] is not eligible for getting processed by all BeanPostProcessors (for example: not eligible for auto-proxying)
2020-03-27 22:29:25.645  WARN 11508 --- [           main] o.s.w.c.s.GenericWebApplicationContext   : Exception encountered during context initialization - cancelling refresh attempt: org.springframework.beans.factory.UnsatisfiedDependencyException: Error creating bean with name 'carPartsController': Unsatisfied dependency expressed through field 'solrTemplate'; nested exception is org.springframework.beans.factory.NoSuchBeanDefinitionException: No qualifying bean of type 'org.springframework.data.solr.core.SolrTemplate' available: expected at least 1 bean which qualifies as autowire candidate. Dependency annotations: {@org.springframework.beans.factory.annotation.Autowired(required=true)}
2020-03-27 22:29:25.645  INFO 11508 --- [           main] ConditionEvaluationReportLoggingListener : 

Error starting ApplicationContext. To display the conditions report re-run your application with 'debug' enabled.
2020-03-27 22:29:25.739 ERROR 11508 --- [           main] o.s.b.d.LoggingFailureAnalysisReporter   : 

***************************
APPLICATION FAILED TO START
***************************

Description:

Field solrTemplate in com.reptile.carwebreptileyqy.controller.CarPartsController required a bean of type 'org.springframework.data.solr.core.SolrTemplate' that could not be found.

The injection point has the following annotations:
	- @org.springframework.beans.factory.annotation.Autowired(required=true)


Action:

Consider defining a bean of type 'org.springframework.data.solr.core.SolrTemplate' in your configuration.

2020-03-27 22:29:25.739 ERROR 11508 --- [           main] o.s.test.context.TestContextManager      : Caught exception while allowing TestExecutionListener [org.springframework.test.context.web.ServletTestExecutionListener@313ac989] to prepare test instance [com.reptile.carwebreptileyqy.CarwebReptileYqyApplicationTests@242a209e]

java.lang.IllegalStateException: Failed to load ApplicationContext
	at org.springframework.test.context.cache.DefaultCacheAwareContextLoaderDelegate.loadContext(DefaultCacheAwareContextLoaderDelegate.java:125) ~[spring-test-5.1.9.RELEASE.jar:5.1.9.RELEASE]
	at org.springframework.test.context.support.DefaultTestContext.getApplicationContext(DefaultTestContext.java:108) ~[spring-test-5.1.9.RELEASE.jar:5.1.9.RELEASE]
	at org.springframework.test.context.web.ServletTestExecutionListener.setUpRequestContextIfNecessary(ServletTestExecutionListener.java:190) ~[spring-test-5.1.9.RELEASE.jar:5.1.9.RELEASE]
	at org.springframework.test.context.web.ServletTestExecutionListener.prepareTestInstance(ServletTestExecutionListener.java:132) ~[spring-test-5.1.9.RELEASE.jar:5.1.9.RELEASE]
	at org.springframework.test.context.TestContextManager.prepareTestInstance(TestContextManager.java:246) ~[spring-test-5.1.9.RELEASE.jar:5.1.9.RELEASE]
	at org.springframework.test.context.junit4.SpringJUnit4ClassRunner.createTest(SpringJUnit4ClassRunner.java:227) [spring-test-5.1.9.RELEASE.jar:5.1.9.RELEASE]
	at org.springframework.test.context.junit4.SpringJUnit4ClassRunner$1.runReflectiveCall(SpringJUnit4ClassRunner.java:289) [spring-test-5.1.9.RELEASE.jar:5.1.9.RELEASE]
	at org.junit.internal.runners.model.ReflectiveCallable.run(ReflectiveCallable.java:12) [junit-4.12.jar:4.12]
	at org.springframework.test.context.junit4.SpringJUnit4ClassRunner.methodBlock(SpringJUnit4ClassRunner.java:291) [spring-test-5.1.9.RELEASE.jar:5.1.9.RELEASE]
	at org.springframework.test.context.junit4.SpringJUnit4ClassRunner.runChild(SpringJUnit4ClassRunner.java:246) [spring-test-5.1.9.RELEASE.jar:5.1.9.RELEASE]
	at org.springframework.test.context.junit4.SpringJUnit4ClassRunner.runChild(SpringJUnit4ClassRunner.java:97) [spring-test-5.1.9.RELEASE.jar:5.1.9.RELEASE]
	at org.junit.runners.ParentRunner$3.run(ParentRunner.java:290) [junit-4.12.jar:4.12]
	at org.junit.runners.ParentRunner$1.schedule(ParentRunner.java:71) [junit-4.12.jar:4.12]
	at org.junit.runners.ParentRunner.runChildren(ParentRunner.java:288) [junit-4.12.jar:4.12]
	at org.junit.runners.ParentRunner.access$000(ParentRunner.java:58) [junit-4.12.jar:4.12]
	at org.junit.runners.ParentRunner$2.evaluate(ParentRunner.java:268) [junit-4.12.jar:4.12]
	at org.springframework.test.context.junit4.statements.RunBeforeTestClassCallbacks.evaluate(RunBeforeTestClassCallbacks.java:61) [spring-test-5.1.9.RELEASE.jar:5.1.9.RELEASE]
	at org.springframework.test.context.junit4.statements.RunAfterTestClassCallbacks.evaluate(RunAfterTestClassCallbacks.java:70) [spring-test-5.1.9.RELEASE.jar:5.1.9.RELEASE]
	at org.junit.runners.ParentRunner.run(ParentRunner.java:363) [junit-4.12.jar:4.12]
	at org.springframework.test.context.junit4.SpringJUnit4ClassRunner.run(SpringJUnit4ClassRunner.java:190) [spring-test-5.1.9.RELEASE.jar:5.1.9.RELEASE]
	at org.apache.maven.surefire.junit4.JUnit4Provider.execute(JUnit4Provider.java:365) [surefire-junit4-2.22.2.jar:2.22.2]
	at org.apache.maven.surefire.junit4.JUnit4Provider.executeWithRerun(JUnit4Provider.java:273) [surefire-junit4-2.22.2.jar:2.22.2]
	at org.apache.maven.surefire.junit4.JUnit4Provider.executeTestSet(JUnit4Provider.java:238) [surefire-junit4-2.22.2.jar:2.22.2]
	at org.apache.maven.surefire.junit4.JUnit4Provider.invoke(JUnit4Provider.java:159) [surefire-junit4-2.22.2.jar:2.22.2]
	at org.apache.maven.surefire.booter.ForkedBooter.invokeProviderInSameClassLoader(ForkedBooter.java:384) [surefire-booter-2.22.2.jar:2.22.2]
	at org.apache.maven.surefire.booter.ForkedBooter.runSuitesInProcess(ForkedBooter.java:345) [surefire-booter-2.22.2.jar:2.22.2]
	at org.apache.maven.surefire.booter.ForkedBooter.execute(ForkedBooter.java:126) [surefire-booter-2.22.2.jar:2.22.2]
	at org.apache.maven.surefire.booter.ForkedBooter.main(ForkedBooter.java:418) [surefire-booter-2.22.2.jar:2.22.2]
Caused by: org.springframework.beans.factory.UnsatisfiedDependencyException: Error creating bean with name 'carPartsController': Unsatisfied dependency expressed through field 'solrTemplate'; nested exception is org.springframework.beans.factory.NoSuchBeanDefinitionException: No qualifying bean of type 'org.springframework.data.solr.core.SolrTemplate' available: expected at least 1 bean which qualifies as autowire candidate. Dependency annotations: {@org.springframework.beans.factory.annotation.Autowired(required=true)}
	at org.springframework.beans.factory.annotation.AutowiredAnnotationBeanPostProcessor$AutowiredFieldElement.inject(AutowiredAnnotationBeanPostProcessor.java:596) ~[spring-beans-5.1.9.RELEASE.jar:5.1.9.RELEASE]
	at org.springframework.beans.factory.annotation.InjectionMetadata.inject(InjectionMetadata.java:90) ~[spring-beans-5.1.9.RELEASE.jar:5.1.9.RELEASE]
	at org.springframework.beans.factory.annotation.AutowiredAnnotationBeanPostProcessor.postProcessProperties(AutowiredAnnotationBeanPostProcessor.java:374) ~[spring-beans-5.1.9.RELEASE.jar:5.1.9.RELEASE]
	at org.springframework.beans.factory.support.AbstractAutowireCapableBeanFactory.populateBean(AbstractAutowireCapableBeanFactory.java:1411) ~[spring-beans-5.1.9.RELEASE.jar:5.1.9.RELEASE]
	at org.springframework.beans.factory.support.AbstractAutowireCapableBeanFactory.doCreateBean(AbstractAutowireCapableBeanFactory.java:592) ~[spring-beans-5.1.9.RELEASE.jar:5.1.9.RELEASE]
	at org.springframework.beans.factory.support.AbstractAutowireCapableBeanFactory.createBean(AbstractAutowireCapableBeanFactory.java:515) ~[spring-beans-5.1.9.RELEASE.jar:5.1.9.RELEASE]
	at org.springframework.beans.factory.support.AbstractBeanFactory.lambda$doGetBean$0(AbstractBeanFactory.java:320) ~[spring-beans-5.1.9.RELEASE.jar:5.1.9.RELEASE]
	at org.springframework.beans.factory.support.DefaultSingletonBeanRegistry.getSingleton(DefaultSingletonBeanRegistry.java:222) ~[spring-beans-5.1.9.RELEASE.jar:5.1.9.RELEASE]
	at org.springframework.beans.factory.support.AbstractBeanFactory.doGetBean(AbstractBeanFactory.java:318) ~[spring-beans-5.1.9.RELEASE.jar:5.1.9.RELEASE]
	at org.springframework.beans.factory.support.AbstractBeanFactory.getBean(AbstractBeanFactory.java:199) ~[spring-beans-5.1.9.RELEASE.jar:5.1.9.RELEASE]
	at org.springframework.beans.factory.support.DefaultListableBeanFactory.preInstantiateSingletons(DefaultListableBeanFactory.java:845) ~[spring-beans-5.1.9.RELEASE.jar:5.1.9.RELEASE]
	at org.springframework.context.support.AbstractApplicationContext.finishBeanFactoryInitialization(AbstractApplicationContext.java:877) ~[spring-context-5.1.9.RELEASE.jar:5.1.9.RELEASE]
	at org.springframework.context.support.AbstractApplicationContext.refresh(AbstractApplicationContext.java:549) ~[spring-context-5.1.9.RELEASE.jar:5.1.9.RELEASE]
	at org.springframework.boot.SpringApplication.refresh(SpringApplication.java:743) ~[spring-boot-2.1.7.RELEASE.jar:2.1.7.RELEASE]
	at org.springframework.boot.SpringApplication.refreshContext(SpringApplication.java:390) ~[spring-boot-2.1.7.RELEASE.jar:2.1.7.RELEASE]
	at org.springframework.boot.SpringApplication.run(SpringApplication.java:312) ~[spring-boot-2.1.7.RELEASE.jar:2.1.7.RELEASE]
	at org.springframework.boot.test.context.SpringBootContextLoader.loadContext(SpringBootContextLoader.java:120) ~[spring-boot-test-2.1.7.RELEASE.jar:2.1.7.RELEASE]
	at org.springframework.test.context.cache.DefaultCacheAwareContextLoaderDelegate.loadContextInternal(DefaultCacheAwareContextLoaderDelegate.java:99) ~[spring-test-5.1.9.RELEASE.jar:5.1.9.RELEASE]
	at org.springframework.test.context.cache.DefaultCacheAwareContextLoaderDelegate.loadContext(DefaultCacheAwareContextLoaderDelegate.java:117) ~[spring-test-5.1.9.RELEASE.jar:5.1.9.RELEASE]
	... 27 common frames omitted
Caused by: org.springframework.beans.factory.NoSuchBeanDefinitionException: No qualifying bean of type 'org.springframework.data.solr.core.SolrTemplate' available: expected at least 1 bean which qualifies as autowire candidate. Dependency annotations: {@org.springframework.beans.factory.annotation.Autowired(required=true)}
	at org.springframework.beans.factory.support.DefaultListableBeanFactory.raiseNoMatchingBeanFound(DefaultListableBeanFactory.java:1658) ~[spring-beans-5.1.9.RELEASE.jar:5.1.9.RELEASE]
	at org.springframework.beans.factory.support.DefaultListableBeanFactory.doResolveDependency(DefaultListableBeanFactory.java:1217) ~[spring-beans-5.1.9.RELEASE.jar:5.1.9.RELEASE]
	at org.springframework.beans.factory.support.DefaultListableBeanFactory.resolveDependency(DefaultListableBeanFactory.java:1171) ~[spring-beans-5.1.9.RELEASE.jar:5.1.9.RELEASE]
	at org.springframework.beans.factory.annotation.AutowiredAnnotationBeanPostProcessor$AutowiredFieldElement.inject(AutowiredAnnotationBeanPostProcessor.java:593) ~[spring-beans-5.1.9.RELEASE.jar:5.1.9.RELEASE]
	... 45 common frames omitted

]]></system-out>
  </testcase>
</testsuite>